\BOOKMARK [1][-]{section.1}{\376\377\000I\000n\000t\000r\000o\000d\000u\000c\000t\000i\000o\000n}{}% 1
\BOOKMARK [1][-]{section.2}{\376\377\000M\000e\000t\000h\000o\000d\000o\000l\000o\000g\000y}{}% 2
\BOOKMARK [2][-]{subsection.2.1}{\376\377\000D\000a\000t\000a\000s\000e\000t\000s}{section.2}% 3
\BOOKMARK [2][-]{subsection.2.2}{\376\377\000M\000u\000s\000h\000r\000o\000o\000m\000\040\000D\000a\000t\000a\000s\000e\000t}{section.2}% 4
\BOOKMARK [3][-]{subsubsection.2.2.1}{\376\377\000O\000v\000e\000r\000v\000i\000e\000w}{subsection.2.2}% 5
\BOOKMARK [3][-]{subsubsection.2.2.2}{\376\377\000F\000e\000a\000t\000u\000r\000e\000\040\000C\000h\000a\000r\000a\000c\000t\000e\000r\000i\000s\000t\000i\000c\000s}{subsection.2.2}% 6
\BOOKMARK [3][-]{subsubsection.2.2.3}{\376\377\000P\000r\000e\000p\000r\000o\000c\000e\000s\000s\000i\000n\000g\000\040\000S\000t\000e\000p\000s}{subsection.2.2}% 7
\BOOKMARK [2][-]{subsection.2.3}{\376\377\000H\000e\000p\000a\000t\000i\000t\000i\000s\000\040\000D\000a\000t\000a\000s\000e\000t}{section.2}% 8
\BOOKMARK [3][-]{subsubsection.2.3.1}{\376\377\000O\000v\000e\000r\000v\000i\000e\000w}{subsection.2.3}% 9
\BOOKMARK [3][-]{subsubsection.2.3.2}{\376\377\000F\000e\000a\000t\000u\000r\000e\000\040\000C\000h\000a\000r\000a\000c\000t\000e\000r\000i\000s\000t\000i\000c\000s}{subsection.2.3}% 10
\BOOKMARK [3][-]{subsubsection.2.3.3}{\376\377\000P\000r\000e\000p\000r\000o\000c\000e\000s\000s\000i\000n\000g\000\040\000S\000t\000e\000p\000s}{subsection.2.3}% 11
\BOOKMARK [2][-]{subsection.2.4}{\376\377\000F\000e\000a\000t\000u\000r\000e\000\040\000D\000i\000s\000t\000r\000i\000b\000u\000t\000i\000o\000n\000\040\000A\000n\000a\000l\000y\000s\000i\000s}{section.2}% 12
\BOOKMARK [3][-]{subsubsection.2.4.1}{\376\377\000M\000u\000s\000h\000r\000o\000o\000m\000\040\000D\000a\000t\000a\000s\000e\000t}{subsection.2.4}% 13
\BOOKMARK [3][-]{subsubsection.2.4.2}{\376\377\000H\000e\000p\000a\000t\000i\000t\000i\000s\000\040\000D\000a\000t\000a\000s\000e\000t}{subsection.2.4}% 14
\BOOKMARK [2][-]{subsection.2.5}{\376\377\000K\000-\000N\000e\000a\000r\000e\000s\000t\000\040\000N\000e\000i\000g\000h\000b\000o\000r\000s\000\040\000\050\000K\000N\000N\000\051}{section.2}% 15
\BOOKMARK [3][-]{subsubsection.2.5.1}{\376\377\000H\000y\000p\000e\000r\000p\000a\000r\000a\000m\000e\000t\000e\000r\000s}{subsection.2.5}% 16
\BOOKMARK [3][-]{subsubsection.2.5.2}{\376\377\000R\000e\000s\000u\000l\000t\000s\000\040\000e\000x\000t\000r\000a\000c\000t\000i\000o\000n}{subsection.2.5}% 17
\BOOKMARK [2][-]{subsection.2.6}{\376\377\000S\000u\000p\000p\000o\000r\000t\000\040\000V\000e\000c\000t\000o\000r\000\040\000M\000a\000c\000h\000i\000n\000e\000\040\000\050\000S\000V\000M\000\051}{section.2}% 18
\BOOKMARK [2][-]{subsection.2.7}{\376\377\000R\000e\000d\000u\000c\000t\000i\000o\000n\000\040\000M\000e\000t\000h\000o\000d\000s}{section.2}% 19
\BOOKMARK [3][-]{subsubsection.2.7.1}{\376\377\000G\000C\000N\000N}{subsection.2.7}% 20
\BOOKMARK [3][-]{subsubsection.2.7.2}{\376\377\000E\000E\000N\000T\000H}{subsection.2.7}% 21
\BOOKMARK [3][-]{subsubsection.2.7.3}{\376\377\000D\000R\000O\000P\0003}{subsection.2.7}% 22
\BOOKMARK [1][-]{section.3}{\376\377\000R\000e\000s\000u\000l\000t\000s}{}% 23
\BOOKMARK [2][-]{subsection.3.1}{\376\377\000K\000N\000N\000\040\000R\000e\000s\000u\000l\000t\000s}{section.3}% 24
\BOOKMARK [3][-]{subsubsection.3.1.1}{\376\377\000H\000e\000p\000a\000t\000i\000t\000i\000s}{subsection.3.1}% 25
\BOOKMARK [3][-]{subsubsection.3.1.2}{\376\377\000M\000u\000s\000h\000r\000o\000o\000m}{subsection.3.1}% 26
\BOOKMARK [2][-]{subsection.3.2}{\376\377\000S\000V\000M\000\040\000R\000e\000s\000u\000l\000t\000s}{section.3}% 27
\BOOKMARK [3][-]{subsubsection.3.2.1}{\376\377\000H\000e\000p\000a\000t\000i\000t\000i\000s}{subsection.3.2}% 28
\BOOKMARK [3][-]{subsubsection.3.2.2}{\376\377\000M\000u\000s\000h\000r\000o\000o\000m}{subsection.3.2}% 29
\BOOKMARK [2][-]{subsection.3.3}{\376\377\000C\000o\000m\000p\000a\000r\000a\000t\000i\000o\000n\000\040\000b\000e\000t\000w\000e\000e\000n\000\040\000K\000N\000N\000\040\000a\000n\000d\000\040\000S\000V\000M\000\040\000a\000l\000g\000o\000r\000i\000t\000h\000m\000s}{section.3}% 30
\BOOKMARK [3][-]{subsubsection.3.3.1}{\376\377\000H\000e\000p\000a\000t\000i\000t\000i\000s}{subsection.3.3}% 31
\BOOKMARK [3][-]{subsubsection.3.3.2}{\376\377\000M\000u\000s\000h\000r\000o\000o\000m}{subsection.3.3}% 32
\BOOKMARK [2][-]{subsection.3.4}{\376\377\000K\000N\000N\000\040\000R\000e\000d\000u\000c\000t\000i\000o\000n\000\040\000R\000e\000s\000u\000l\000t\000s}{section.3}% 33
\BOOKMARK [3][-]{subsubsection.3.4.1}{\376\377\000H\000e\000p\000a\000t\000i\000t\000i\000s}{subsection.3.4}% 34
\BOOKMARK [3][-]{subsubsection.3.4.2}{\376\377\000M\000u\000s\000h\000r\000o\000o\000m}{subsection.3.4}% 35
\BOOKMARK [2][-]{subsection.3.5}{\376\377\000S\000V\000M\000\040\000R\000e\000d\000u\000c\000t\000i\000o\000n\000\040\000R\000e\000s\000u\000l\000t\000s}{section.3}% 36
\BOOKMARK [3][-]{subsubsection.3.5.1}{\376\377\000H\000e\000p\000a\000t\000i\000t\000i\000s}{subsection.3.5}% 37
\BOOKMARK [3][-]{subsubsection.3.5.2}{\376\377\000M\000u\000s\000h\000r\000o\000o\000m}{subsection.3.5}% 38
\BOOKMARK [1][-]{section.4}{\376\377\000C\000o\000n\000c\000l\000u\000s\000i\000o\000n}{}% 39
